{
  "RSpec": {
    "coverage": {
      "B:/UNB/TP2T3/DesertFalcon-P3/spec/lib/spec_box.rb": [
        1,
        1,
        null,
        1,
        1,
        1,
        2,
        2,
        2,
        2,
        2,
        2,
        2,
        null,
        2,
        2,
        2,
        null,
        null,
        1,
        1,
        2,
        2,
        2,
        null,
        1,
        1,
        1,
        1,
        1,
        1,
        null,
        1,
        1,
        1,
        1,
        1,
        null,
        null,
        null
      ],
      "B:/UNB/TP2T3/DesertFalcon-P3/lib/box.rb": [
        1,
        1,
        null,
        1,
        1,
        1,
        null,
        1,
        null,
        114,
        226,
        111,
        110,
        109,
        null,
        null,
        null,
        105,
        null,
        null,
        1,
        18,
        null,
        16,
        12,
        null,
        4,
        null,
        null,
        null
      ],
      "B:/UNB/TP2T3/DesertFalcon-P3/lib/constants.rb": [
        1,
        1,
        1,
        1,
        1,
        1,
        1
      ],
      "B:/UNB/TP2T3/DesertFalcon-P3/spec/lib/spec_bullet.rb": [
        1,
        1,
        null,
        1,
        1,
        1,
        2,
        2,
        2,
        2,
        null,
        2,
        2,
        2,
        2,
        2,
        2,
        2,
        null,
        null,
        null,
        null,
        null,
        null,
        1,
        1,
        2,
        2,
        2,
        2,
        null,
        null,
        null,
        null,
        1,
        1,
        2,
        null,
        null,
        null,
        1,
        1,
        1,
        1,
        1,
        null,
        null,
        null,
        null
      ],
      "B:/UNB/TP2T3/DesertFalcon-P3/lib/bullet.rb": [
        1,
        1,
        1,
        1,
        null,
        1,
        1,
        null,
        22,
        42,
        19,
        18,
        15,
        13,
        null,
        12,
        12,
        null,
        1,
        null,
        1,
        2,
        1,
        1,
        null,
        1,
        1,
        null,
        1,
        null,
        5,
        10,
        5,
        5,
        null,
        5,
        null,
        null
      ],
      "B:/UNB/TP2T3/DesertFalcon-P3/lib/gameobject.rb": [
        1,
        1,
        1,
        1,
        null,
        1,
        1,
        null,
        1,
        null,
        90,
        178,
        87,
        86,
        85,
        84,
        83,
        82,
        81,
        null,
        80,
        80,
        80,
        80,
        null,
        null,
        1,
        null,
        41,
        80,
        38,
        null,
        37,
        37,
        37,
        null,
        null,
        1,
        null,
        5,
        8,
        2,
        null,
        1,
        1,
        1,
        null,
        null,
        1,
        null,
        3,
        6,
        3,
        3,
        3,
        3,
        null,
        null,
        3,
        3,
        null,
        0,
        null,
        null
      ],
      "B:/UNB/TP2T3/DesertFalcon-P3/lib/sprite.rb": [
        1,
        null,
        1,
        null,
        1,
        1,
        null,
        99,
        196,
        97,
        97,
        null,
        null,
        null,
        null,
        null,
        null,
        92,
        92,
        null,
        null,
        1,
        3,
        null,
        null
      ],
      "B:/UNB/TP2T3/DesertFalcon-P3/spec/lib/spec_enemy.rb": [
        1,
        1,
        null,
        1,
        1,
        1,
        null,
        2,
        null,
        1,
        null,
        null,
        null,
        null
      ],
      "B:/UNB/TP2T3/DesertFalcon-P3/lib/enemy.rb": [
        1,
        1,
        1,
        1,
        null,
        1,
        1,
        3,
        3,
        3,
        3,
        null,
        3,
        null,
        1,
        null,
        2,
        4,
        2,
        2,
        null,
        2,
        null,
        null
      ],
      "B:/UNB/TP2T3/DesertFalcon-P3/spec/lib/spec_falcon.rb": [
        1,
        1,
        null,
        1,
        1,
        1,
        2,
        null,
        null,
        null,
        1,
        1,
        2,
        null,
        null,
        null,
        1,
        1,
        2,
        null,
        null,
        null,
        1,
        1,
        2,
        null,
        null,
        null,
        1,
        1,
        2,
        null,
        null,
        null,
        1,
        1,
        2,
        null,
        null,
        null,
        1,
        1,
        2,
        null,
        null,
        null,
        1,
        1,
        2,
        null,
        null,
        null,
        1,
        1,
        2,
        null,
        null,
        1,
        1,
        null,
        null,
        null,
        1,
        1,
        2,
        null,
        null,
        null,
        null
      ],
      "B:/UNB/TP2T3/DesertFalcon-P3/lib/falcon.rb": [
        1,
        1,
        1,
        1,
        1,
        null,
        1,
        1,
        null,
        1,
        22,
        22,
        22,
        null,
        null,
        1,
        null,
        1,
        null,
        1,
        null,
        null,
        1,
        null,
        1,
        null,
        1,
        null,
        null,
        1,
        null,
        1,
        2,
        1,
        null,
        1,
        1,
        null,
        null,
        1,
        null,
        1,
        2,
        1,
        null,
        1,
        1,
        null,
        null,
        1,
        null,
        1,
        2,
        1,
        1,
        null,
        1,
        1,
        1,
        null,
        null,
        1,
        null,
        1,
        2,
        1,
        1,
        null,
        1,
        1,
        1,
        null,
        null,
        1,
        null,
        1,
        2,
        null,
        null,
        null,
        null,
        1,
        1,
        1,
        null,
        null,
        1,
        null,
        1,
        2,
        null,
        null,
        null,
        1,
        0,
        0,
        null,
        null,
        null,
        1,
        null,
        2,
        4,
        2,
        2,
        2,
        2,
        null,
        2,
        null,
        null,
        null,
        1,
        null,
        2,
        4,
        2,
        2,
        2,
        2,
        2,
        null,
        null,
        2,
        2,
        null,
        2,
        1,
        1,
        1,
        0,
        0,
        null,
        null,
        2,
        1,
        1,
        1,
        0,
        0,
        null,
        null,
        2,
        2,
        2,
        null,
        null,
        null,
        1,
        null,
        1,
        25,
        null,
        null,
        null
      ],
      "B:/UNB/TP2T3/DesertFalcon-P3/spec/lib/spec_gameobject.rb": [
        1,
        1,
        null,
        1,
        1,
        1,
        null,
        2,
        null,
        2,
        2,
        2,
        2,
        2,
        2,
        2,
        2,
        2,
        2,
        null,
        null,
        null,
        null,
        1,
        1,
        2,
        null,
        2,
        2,
        2,
        2,
        null,
        null,
        null,
        null,
        1,
        1,
        2,
        null,
        2,
        2,
        2,
        2,
        null,
        null,
        null,
        null,
        1,
        1,
        2,
        null,
        null,
        null,
        null
      ],
      "B:/UNB/TP2T3/DesertFalcon-P3/spec/lib/spec_gamewindow.rb": [
        1,
        1,
        null,
        null,
        1,
        1,
        1,
        2,
        null,
        null,
        1,
        1,
        2,
        2,
        2,
        2,
        null,
        null,
        1,
        1,
        2,
        2,
        2,
        null,
        null,
        1,
        1,
        2,
        null,
        null,
        1,
        1,
        2,
        null,
        null,
        1,
        1,
        2,
        null,
        null,
        null,
        null
      ],
      "B:/UNB/TP2T3/DesertFalcon-P3/lib/gamewindow.rb": [
        1,
        null,
        1,
        1,
        1,
        1,
        1,
        1,
        1,
        1,
        1,
        1,
        1,
        null,
        1,
        1,
        11,
        null,
        11,
        11,
        null,
        11,
        11,
        11,
        11,
        null,
        11,
        null,
        11,
        11,
        null,
        11,
        11,
        null,
        11,
        11,
        11,
        11,
        null,
        11,
        null,
        null,
        1,
        7,
        null,
        5,
        null,
        1,
        1,
        null,
        1,
        1,
        null,
        null,
        null,
        null,
        null,
        1,
        null,
        1,
        2,
        1,
        1,
        1,
        null,
        null,
        1,
        1,
        null,
        1,
        null,
        1,
        0,
        null,
        1,
        0,
        null,
        1,
        0,
        null,
        1,
        0,
        null,
        1,
        0,
        0,
        null,
        1,
        0,
        0,
        null,
        null,
        1,
        0,
        0,
        0,
        null,
        null,
        null,
        null,
        1,
        null,
        1,
        1,
        0,
        0,
        0,
        0,
        0,
        0,
        null,
        0,
        null,
        null,
        0,
        0,
        null,
        0,
        null,
        null,
        null,
        1,
        1,
        0,
        0,
        0,
        0,
        0,
        null,
        0,
        null,
        null,
        1,
        1,
        null,
        0,
        1,
        0,
        null,
        0,
        null,
        1,
        null,
        null,
        null,
        1,
        1,
        0,
        0,
        null,
        0,
        null,
        null,
        1,
        1,
        null,
        1,
        1,
        0,
        null,
        0,
        null,
        1,
        null,
        null,
        null,
        1,
        1,
        0,
        0,
        null,
        0,
        null,
        null,
        1,
        1,
        null,
        1,
        1,
        1,
        null,
        0,
        null,
        1,
        null,
        null,
        1,
        2,
        0,
        0,
        null,
        null,
        null,
        null,
        null,
        null,
        1,
        null,
        2,
        4,
        2,
        2,
        2,
        2,
        null,
        null,
        2,
        2,
        2,
        null,
        null,
        null,
        0,
        null,
        0,
        null,
        null,
        null,
        null,
        null,
        null,
        null,
        0,
        0,
        0,
        0,
        0,
        null,
        0,
        null,
        null,
        1,
        0,
        0,
        0,
        null,
        null,
        1,
        0,
        null,
        0,
        0,
        null,
        0,
        null,
        null,
        null,
        null
      ],
      "B:/UNB/TP2T3/DesertFalcon-P3/lib/hiero.rb": [
        1,
        1,
        1,
        1,
        null,
        1,
        1,
        3,
        3,
        3,
        null,
        3,
        null,
        1,
        null,
        2,
        4,
        2,
        2,
        null,
        2,
        null,
        null
      ],
      "B:/UNB/TP2T3/DesertFalcon-P3/lib/menu.rb": [
        1,
        null,
        null,
        1,
        1,
        1,
        1,
        1,
        1,
        1,
        null,
        null,
        null,
        null,
        null,
        null,
        1,
        null,
        null,
        1,
        13,
        null,
        13,
        13,
        null,
        13,
        null,
        13,
        13,
        13,
        13,
        null,
        13,
        null,
        null,
        null,
        null,
        1,
        null,
        1,
        2,
        null,
        null,
        null,
        1,
        0,
        null,
        null,
        null,
        1,
        0,
        0,
        null,
        null,
        null,
        1,
        0,
        null,
        null,
        null,
        null,
        null,
        1,
        0,
        null,
        0,
        0,
        null,
        0,
        null,
        null,
        null,
        null,
        null,
        1,
        1,
        null,
        null,
        null,
        1,
        null,
        1,
        null,
        1,
        null,
        null,
        null,
        1,
        null,
        1,
        2,
        1,
        1,
        1,
        1,
        null,
        null,
        null,
        1,
        null,
        0,
        null,
        null,
        0,
        0,
        0,
        null,
        null,
        null,
        null,
        null,
        null,
        0,
        0,
        0,
        0,
        0,
        null,
        null,
        null,
        0,
        0,
        0,
        0,
        0,
        null,
        null,
        null,
        0,
        0,
        0,
        0,
        0,
        null,
        null,
        null,
        null,
        null,
        null,
        1,
        0,
        0,
        null,
        null,
        null,
        null,
        null,
        null,
        null,
        1,
        null,
        1,
        12,
        null,
        12,
        12,
        null,
        12,
        null,
        12,
        12,
        12,
        12,
        null,
        12,
        null,
        12,
        12,
        12,
        null,
        12,
        null,
        null,
        null,
        null,
        null,
        null,
        1,
        null,
        0,
        0,
        0,
        0,
        null,
        null,
        null,
        null,
        null,
        null,
        1,
        1,
        null,
        null,
        null,
        1,
        null,
        0,
        0,
        null,
        0,
        0,
        0,
        0,
        null,
        null,
        null,
        null,
        1,
        null,
        0,
        0,
        null,
        0,
        0,
        0,
        null,
        null,
        null,
        1,
        null,
        0,
        0,
        null,
        0,
        0,
        0,
        null,
        null,
        null,
        1,
        null,
        0,
        null,
        0,
        0,
        null,
        null,
        0,
        0,
        null,
        null,
        0,
        0,
        null,
        null,
        0,
        0,
        null,
        null,
        0,
        null,
        0,
        null,
        null,
        null,
        1,
        1,
        null,
        null,
        null,
        1,
        null,
        1,
        null,
        0,
        null,
        null,
        0,
        0,
        0,
        null,
        null,
        null,
        null,
        0,
        null,
        0,
        null,
        0,
        0,
        0,
        0,
        0,
        null,
        0,
        0,
        0,
        0,
        0,
        null,
        0,
        0,
        0,
        0,
        0,
        null,
        0,
        null,
        0,
        null,
        0,
        0,
        0,
        0,
        0,
        null,
        0,
        0,
        0,
        0,
        0,
        null,
        0,
        0,
        0,
        0,
        0,
        null,
        0,
        null,
        0,
        null,
        null,
        null,
        0,
        null,
        null,
        0,
        0,
        0,
        0,
        0,
        null,
        0,
        0,
        0,
        0,
        0,
        null,
        0,
        0,
        0,
        0,
        0,
        null,
        0,
        null,
        0,
        null,
        null,
        0,
        0,
        0,
        0,
        0,
        null,
        0,
        0,
        0,
        0,
        0,
        null,
        0,
        0,
        0,
        0,
        0,
        null,
        0,
        null,
        0,
        null,
        null,
        null,
        0,
        null,
        null,
        0,
        0,
        0,
        0,
        0,
        null,
        0,
        0,
        0,
        0,
        0,
        null,
        0,
        0,
        0,
        0,
        0,
        null,
        0,
        null,
        0,
        null,
        null,
        0,
        0,
        0,
        0,
        0,
        null,
        0,
        0,
        0,
        0,
        0,
        null,
        0,
        0,
        0,
        0,
        0,
        null,
        0,
        null,
        0,
        null,
        null,
        null,
        null,
        0,
        0,
        0,
        0,
        0,
        null,
        0,
        0,
        0,
        0,
        0,
        null,
        null,
        null,
        null,
        1,
        0,
        0,
        null,
        0,
        0,
        0,
        0,
        0,
        0,
        0,
        null,
        null,
        null,
        0,
        0,
        0,
        null,
        0,
        0,
        0,
        null,
        0,
        0,
        0,
        null,
        0,
        0,
        0,
        null,
        0,
        0,
        0,
        null,
        0,
        0,
        0,
        null,
        0,
        0,
        0,
        null,
        0,
        0,
        0,
        null,
        0,
        0,
        0,
        null,
        0,
        0,
        0,
        null,
        null,
        null,
        0,
        null,
        null,
        null,
        null,
        null
      ],
      "B:/UNB/TP2T3/DesertFalcon-P3/lib/scoreboard.rb": [
        1,
        null,
        1,
        1,
        1,
        1,
        1,
        null,
        null,
        null,
        1,
        null,
        null,
        1,
        0,
        0,
        null,
        0,
        null,
        0,
        0,
        0,
        0,
        null,
        0,
        null,
        0,
        null,
        null,
        null,
        null,
        1,
        0,
        0,
        0,
        null,
        null,
        null,
        null,
        1,
        null,
        0,
        0,
        0,
        0,
        null,
        null,
        null,
        null,
        null,
        1,
        0,
        null,
        null,
        null,
        1,
        0,
        null,
        null,
        null,
        1,
        null,
        0,
        null,
        0,
        null,
        null,
        0,
        0,
        0,
        null,
        null,
        null,
        null,
        0,
        0,
        0,
        0,
        0,
        0,
        0,
        0,
        0,
        0,
        0,
        0,
        0,
        0,
        0,
        null,
        null,
        null,
        0,
        0,
        0,
        0,
        0,
        null,
        null,
        null,
        null,
        1,
        0,
        null,
        0,
        0,
        null,
        0,
        null,
        0,
        null,
        null,
        null,
        null
      ],
      "B:/UNB/TP2T3/DesertFalcon-P3/lib/obstacle.rb": [
        1,
        null,
        1,
        1,
        1,
        null,
        1,
        1,
        3,
        3,
        3,
        3,
        null,
        3,
        2,
        1,
        1,
        null,
        null,
        null,
        1,
        null,
        2,
        4,
        2,
        2,
        null,
        2,
        null,
        null
      ],
      "B:/UNB/TP2T3/DesertFalcon-P3/spec/lib/spec_hiero.rb": [
        1,
        1,
        null,
        1,
        1,
        1,
        null,
        2,
        null,
        1,
        null,
        null,
        null,
        null
      ],
      "B:/UNB/TP2T3/DesertFalcon-P3/spec/lib/spec_menu.rb": [
        1,
        1,
        null,
        null,
        1,
        1,
        1,
        2,
        null,
        null,
        1,
        1,
        2,
        2,
        2,
        2,
        null,
        null,
        1,
        1,
        2,
        2,
        2,
        null,
        null,
        1,
        1,
        2,
        null,
        null,
        1,
        1,
        2,
        null,
        null,
        1,
        1,
        1,
        null,
        null,
        1,
        1,
        2,
        null,
        null,
        1,
        1,
        2,
        null,
        null,
        null,
        null,
        null,
        1,
        1,
        1,
        2,
        null,
        null,
        1,
        1,
        2,
        2,
        2,
        2,
        null,
        null,
        1,
        1,
        2,
        2,
        2,
        null,
        null,
        1,
        1,
        2,
        null,
        null,
        1,
        1,
        2,
        null,
        null,
        1,
        1,
        1,
        null,
        null,
        1,
        1,
        2,
        null,
        null,
        null,
        null
      ],
      "B:/UNB/TP2T3/DesertFalcon-P3/spec/lib/spec_obstacle.rb": [
        1,
        1,
        null,
        1,
        1,
        1,
        null,
        2,
        null,
        1,
        null,
        null,
        null,
        null
      ],
      "B:/UNB/TP2T3/DesertFalcon-P3/spec/lib/spec_sprite.rb": [
        1,
        1,
        null,
        1,
        1,
        1,
        2,
        2,
        2,
        2,
        2,
        2,
        2,
        2,
        null,
        null,
        null
      ]
    },
    "timestamp": 1512871013
  }
}
